Microsoft (R) Macro Assembler Version 14.29.30136.0	    11/18/21 13:41:52
bitmanipulation.asm					     Page 1 - 1


				;
				;	@author: Saishnu Ramesh Kumar
				;	Date: 11/18/2021
				;

				.586
				.MODEL FLAT
				.STACK  4096            ; reserve 4096-byte stack
 00000000			.DATA                   ; reserve storage for data

 00000000			.CODE                           ; start of main program code
 00000000			main    PROC
					
					;--- Exercise 7.1.1 ---
					;-- Part a, b, c, d --

					;mov bx, 0FA75h
					;mov cx, 03102h

					;and bx, cx
					;or bx, cx
					;xor bx, cx
					;not bx

					;-- Part e, f, ,g, h --
 00000000  66| B8 FA75			mov ax, 0FA75h

 00000004  66| 83 C8 0F			or ax, 000fh
					;or ax, 0fff0h
					;xor ax, 0ffffh
					;test ax, 0004h

					;-- Part i, j, k, l, m --
					;mov cx, 08EBAh

					;not cx
					;or cx, 0EDF2h
					;and cx, 0EDF2h
					;xor cx, 0EDF2h
					;test cx, 0EDF2h

					;-- Part n, o, p, q, r --
					;mov dx, 0b6A3h

					;not dx
					;or dx, 64C8h
					;and dx, 64C8h
					;xor dx, 64C8h
					;test dx, 64C8h

					;--- END OF EXERCISE 7.1.1 ---


					;--- Exercise 7.2.1 ---
					;-- Part a to l
					;mov ax, 0A8B5h

					;shl ax, 1
					;shr ax, 1
					;sar ax, 1
					;rol ax, 1
					;ror ax, 1

					;mov cl, 004h
					;mov cl, 01h
					;mov cl, 00h

					;sal ax, cl
					;shr ax, 04h
					;sar ax, cl
					;rol ax, cl
					;ror ax, 04h

					;rcl ax, 1
					;rol ax, 1 USING THIS FOR PART K instead of the previous line of code

					;rcr ax, 01h

					;--Part m to p --
					;mov bx, 08EBAh

					;shl bx, 3
					;shr bx, 3
					;sal bx, 3
					;sar bx, 3
					
					;--- END OF EXERCISE 7.2.1 ---

 00000008  C3			ret
 00000009			main    ENDP
				END                             ; end of source code
Microsoft (R) Macro Assembler Version 14.29.30136.0	    11/18/21 13:41:52
bitmanipulation.asm					     Symbols 2 - 1




Segments and Groups:

                N a m e                 Size     Length   Align   Combine Class

FLAT . . . . . . . . . . . . . .	GROUP
STACK  . . . . . . . . . . . . .	32 Bit	 00001000 Para	  Stack	  'STACK'	 
_DATA  . . . . . . . . . . . . .	32 Bit	 00000000 Para	  Public  'DATA'	
_TEXT  . . . . . . . . . . . . .	32 Bit	 00000009 Para	  Public  'CODE'	


Procedures, parameters, and locals:

                N a m e                 Type     Value    Attr

main . . . . . . . . . . . . . .	P Near	 00000000 _TEXT	Length= 00000009 Public


Symbols:

                N a m e                 Type     Value    Attr

@CodeSize  . . . . . . . . . . .	Number	 00000000h   
@DataSize  . . . . . . . . . . .	Number	 00000000h   
@Interface . . . . . . . . . . .	Number	 00000000h   
@Model . . . . . . . . . . . . .	Number	 00000007h   
@code  . . . . . . . . . . . . .	Text   	 _TEXT
@data  . . . . . . . . . . . . .	Text   	 FLAT
@fardata?  . . . . . . . . . . .	Text   	 FLAT
@fardata . . . . . . . . . . . .	Text   	 FLAT
@stack . . . . . . . . . . . . .	Text   	 FLAT

	   0 Warnings
	   0 Errors
